Base path: 'C:/Program Files/Unity/Hub/Editor/2019.3.15f1/Editor/Data', plugins path 'C:/Program Files/Unity/Hub/Editor/2019.3.15f1/Editor/Data/PlaybackEngines'
Cmd: initializeCompiler
Cmd: preprocessCompute
  insize=8293 outsize=8295 ok=1
Cmd: preprocessCompute
  insize=7603 outsize=7605 ok=1
Cmd: preprocess
  insize=45437 outsize=621 ok=1
Cmd: compileSnippet
  api=4 type=0 insize=12757 outsize=402 kw=SHADOW_MEDIUM USE_FPTL_LIGHTLIST pd=UNITY_ENABLE_REFLECTION_BUFFERS UNITY_USE_DITHER_MASK_FOR_ALPHABLENDED_SHADOWS UNITY_PBS_USE_BRDF1 UNITY_SPECCUBE_BOX_PROJECTION UNITY_SPECCUBE_BLENDING UNITY_ENABLE_DETAIL_NORMALMAP SHADER_API_DESKTOP UNITY_LIGHT_PROBE_PROXY_VOLUME UNITY_LIGHTMAP_FULL_HDR ok=1
Cmd: compileSnippet
  api=4 type=1 insize=12757 outsize=790 kw=SHADOW_MEDIUM USE_FPTL_LIGHTLIST pd=UNITY_ENABLE_REFLECTION_BUFFERS UNITY_USE_DITHER_MASK_FOR_ALPHABLENDED_SHADOWS UNITY_PBS_USE_BRDF1 UNITY_SPECCUBE_BOX_PROJECTION UNITY_SPECCUBE_BLENDING UNITY_ENABLE_DETAIL_NORMALMAP SHADER_API_DESKTOP UNITY_LIGHT_PROBE_PROXY_VOLUME UNITY_LIGHTMAP_FULL_HDR ok=1
Cmd: preprocessCompute
  insize=8345 outsize=8347 ok=1
Cmd: preprocessCompute
  insize=7680 outsize=7682 ok=1
Cmd: preprocess
  insize=45771 outsize=620 ok=1
Cmd: preprocessCompute
  insize=8345 outsize=8347 ok=1
Cmd: preprocessCompute
  insize=7680 outsize=7682 ok=1
Cmd: preprocess
  insize=45771 outsize=620 ok=1
Cmd: preprocessCompute
  insize=8345 outsize=8347 ok=1
Cmd: preprocessCompute
  insize=7680 outsize=7682 ok=1
Cmd: preprocess
  insize=45771 outsize=620 ok=1
Cmd: preprocessCompute
  insize=8345 outsize=8347 ok=1
Cmd: preprocessCompute
  insize=7680 outsize=7682 ok=1
Cmd: preprocess
  insize=45771 outsize=620 ok=1
Cmd: preprocessCompute
  insize=8345 outsize=8347 ok=1
Cmd: preprocessCompute
  insize=7680 outsize=7682 ok=1
Cmd: preprocess
  insize=45771 outsize=620 ok=1
Cmd: preprocessCompute
  insize=8345 outsize=8347 ok=1
Cmd: preprocessCompute
  insize=7680 outsize=7682 ok=1
Cmd: preprocess
  insize=45771 outsize=620 ok=1
Cmd: preprocessCompute
  insize=8345 outsize=8347 ok=1
Cmd: preprocessCompute
  insize=7680 outsize=7682 ok=1
Cmd: preprocess
  insize=45771 outsize=620 ok=1
Cmd: preprocessCompute
  insize=8345 outsize=8347 ok=1
Cmd: preprocessCompute
  insize=7680 outsize=7682 ok=1
Cmd: preprocess
  insize=45771 outsize=620 ok=1
Cmd: preprocessCompute
  insize=8345 outsize=8347 ok=1
Cmd: preprocessCompute
  insize=7680 outsize=7682 ok=1
Cmd: preprocess
  insize=45771 outsize=620 ok=1
Cmd: preprocessCompute
  insize=8345 outsize=8347 ok=1
Cmd: preprocessCompute
  insize=7680 outsize=7682 ok=1
Cmd: preprocess
  insize=45771 outsize=620 ok=1
Cmd: preprocessCompute
  insize=8345 outsize=8347 ok=1
Cmd: preprocessCompute
  insize=7680 outsize=7682 ok=1
Cmd: preprocess
  insize=45771 outsize=620 ok=1
Cmd: preprocessCompute
  insize=8345 outsize=8347 ok=1
Cmd: preprocessCompute
  insize=7680 outsize=7682 ok=1
Cmd: preprocess
  insize=45771 outsize=620 ok=1
Cmd: preprocessCompute
  insize=8345 outsize=8347 ok=1
Cmd: preprocessCompute
  insize=7680 outsize=7682 ok=1
Cmd: preprocess
  insize=45771 outsize=620 ok=1
Cmd: preprocessCompute
  insize=8345 outsize=8347 ok=1
Cmd: preprocessCompute
  insize=7680 outsize=7682 ok=1
Cmd: preprocess
  insize=45771 outsize=620 ok=1
Cmd: preprocessCompute
  insize=8345 outsize=8347 ok=1
Cmd: preprocessCompute
  insize=7680 outsize=7682 ok=1
Cmd: preprocess
  insize=45771 outsize=620 ok=1
Cmd: preprocessCompute
  insize=8345 outsize=8347 ok=1
Cmd: preprocessCompute
  insize=7680 outsize=7682 ok=1
Cmd: preprocess
  insize=45771 outsize=620 ok=1
Cmd: preprocessCompute
  insize=8345 outsize=8347 ok=1
Cmd: preprocessCompute
  insize=7680 outsize=7682 ok=1
Cmd: preprocess
  insize=45771 outsize=620 ok=1
Cmd: preprocessCompute
  insize=8345 outsize=8347 ok=1
Cmd: preprocessCompute
  insize=7680 outsize=7682 ok=1
Cmd: preprocess
  insize=45771 outsize=620 ok=1
Cmd: compileSnippet
  api=4 type=0 insize=1302 outsize=1534 kw=UNITY_PASS_SHADOWCASTER SHADOWS_DEPTH _ALPHAPREMULTIPLY_ON pd=UNITY_ENABLE_REFLECTION_BUFFERS UNITY_USE_DITHER_MASK_FOR_ALPHABLENDED_SHADOWS UNITY_PBS_USE_BRDF1 UNITY_SPECCUBE_BOX_PROJECTION UNITY_SPECCUBE_BLENDING UNITY_ENABLE_DETAIL_NORMALMAP SHADER_API_DESKTOP UNITY_LIGHT_PROBE_PROXY_VOLUME UNITY_LIGHTMAP_FULL_HDR ok=1
Cmd: compileSnippet
  api=4 type=1 insize=1302 outsize=714 kw=UNITY_PASS_SHADOWCASTER SHADOWS_DEPTH _ALPHAPREMULTIPLY_ON pd=UNITY_ENABLE_REFLECTION_BUFFERS UNITY_USE_DITHER_MASK_FOR_ALPHABLENDED_SHADOWS UNITY_PBS_USE_BRDF1 UNITY_SPECCUBE_BOX_PROJECTION UNITY_SPECCUBE_BLENDING UNITY_ENABLE_DETAIL_NORMALMAP SHADER_API_DESKTOP UNITY_LIGHT_PROBE_PROXY_VOLUME UNITY_LIGHTMAP_FULL_HDR ok=1
Cmd: preprocessCompute
  insize=8345 outsize=8347 ok=1
Cmd: preprocessCompute
  insize=7680 outsize=7682 ok=1
Cmd: preprocess
  insize=45771 outsize=620 ok=1
Cmd: preprocessCompute
  insize=8345 outsize=8347 ok=1
Cmd: preprocessCompute
  insize=7680 outsize=7682 ok=1
Cmd: preprocess
  insize=45771 outsize=620 ok=1
Cmd: preprocessCompute
  insize=8345 outsize=8347 ok=1
Cmd: preprocessCompute
  insize=7680 outsize=7682 ok=1
Cmd: preprocess
  insize=45771 outsize=620 ok=1
Cmd: preprocessCompute
  insize=8345 outsize=8347 ok=1
Cmd: preprocessCompute
  insize=7680 outsize=7682 ok=1
Cmd: preprocess
  insize=45771 outsize=620 ok=1
Cmd: preprocessCompute
  insize=8345 outsize=8347 ok=1
Cmd: preprocessCompute
  insize=7680 outsize=7682 ok=1
Cmd: preprocess
  insize=45771 outsize=620 ok=1
Cmd: preprocessCompute
  insize=8345 outsize=8347 ok=1
Cmd: preprocessCompute
  insize=7680 outsize=7682 ok=1
Cmd: preprocess
  insize=45771 outsize=620 ok=1
Cmd: preprocessCompute
  insize=8345 outsize=8347 ok=1
Cmd: preprocessCompute
  insize=7680 outsize=7682 ok=1
Cmd: preprocess
  insize=45771 outsize=620 ok=1
Cmd: preprocessCompute
  insize=8345 outsize=8347 ok=1
Cmd: preprocessCompute
  insize=7680 outsize=7682 ok=1
Cmd: preprocess
  insize=45771 outsize=620 ok=1
Cmd: preprocessCompute
  insize=8345 outsize=8347 ok=1
Cmd: preprocessCompute
  insize=7680 outsize=7682 ok=1
Cmd: preprocess
  insize=45771 outsize=620 ok=1
Cmd: preprocessCompute
  insize=8345 outsize=8347 ok=1
Cmd: preprocessCompute
  insize=7680 outsize=7682 ok=1
Cmd: preprocess
  insize=45771 outsize=620 ok=1
Cmd: preprocessCompute
  insize=8345 outsize=8347 ok=1
Cmd: preprocessCompute
  insize=7680 outsize=7682 ok=1
Cmd: preprocess
  insize=45771 outsize=620 ok=1
Cmd: preprocessCompute
  insize=8295 outsize=8297 ok=1
Cmd: compileComputeKernel
  api=4 insize=8297 outsize=3265 ok=1
Cmd: preprocessCompute
  insize=7603 outsize=7605 ok=1
Cmd: compileComputeKernel
  api=4 insize=7605 outsize=4968 ok=1
Cmd: preprocess
  insize=45437 outsize=621 ok=1
Cmd: preprocessCompute
  insize=5596 outsize=5598 ok=1
Cmd: preprocessCompute
  insize=10526 outsize=10528 ok=1
Cmd: preprocess
  insize=12202 outsize=610 ok=1
Cmd: preprocessCompute
  insize=7414 outsize=7416 ok=1
Cmd: preprocessCompute
  insize=7374 outsize=7376 ok=1
Cmd: preprocess
  insize=17657 outsize=599 ok=1
Cmd: preprocessCompute
  insize=5596 outsize=5598 ok=1
Cmd: preprocessCompute
  insize=10526 outsize=10528 ok=1
Cmd: preprocess
  insize=12202 outsize=610 ok=1
Cmd: preprocessCompute
  insize=7414 outsize=7416 ok=1
Cmd: preprocessCompute
  insize=7374 outsize=7376 ok=1
Cmd: preprocess
  insize=17657 outsize=599 ok=1
Cmd: preprocessCompute
  insize=8295 outsize=8297 ok=1
Cmd: preprocessCompute
  insize=7603 outsize=7605 ok=1
Cmd: preprocess
  insize=45437 outsize=621 ok=1
Cmd: preprocessCompute
  insize=5596 outsize=5598 ok=1
Cmd: preprocessCompute
  insize=10526 outsize=10528 ok=1
Cmd: preprocess
  insize=12202 outsize=610 ok=1
Cmd: preprocessCompute
  insize=7414 outsize=7416 ok=1
Cmd: preprocessCompute
  insize=7374 outsize=7376 ok=1
Cmd: preprocess
  insize=17657 outsize=599 ok=1
Cmd: preprocessCompute
  insize=5596 outsize=5598 ok=1
Cmd: preprocessCompute
  insize=10526 outsize=10528 ok=1
Cmd: preprocess
  insize=12202 outsize=610 ok=1
Cmd: preprocessCompute
  insize=7414 outsize=7416 ok=1
Cmd: preprocessCompute
  insize=7374 outsize=7376 ok=1
Cmd: preprocess
  insize=17657 outsize=599 ok=1
Cmd: preprocessCompute
  insize=5596 outsize=5598 ok=1
Cmd: preprocessCompute
  insize=10526 outsize=10528 ok=1
Cmd: preprocess
  insize=12202 outsize=610 ok=1
Cmd: preprocessCompute
  insize=7414 outsize=7416 ok=1
Cmd: preprocessCompute
  insize=7374 outsize=7376 ok=1
Cmd: preprocess
  insize=17657 outsize=599 ok=1
Cmd: preprocessCompute
  insize=5596 outsize=5598 ok=1
Cmd: preprocessCompute
  insize=10558 outsize=10560 ok=1
Cmd: compileComputeKernel
  api=4 insize=10560 outsize=6715 ok=1
Cmd: preprocess
  insize=12251 outsize=623 ok=1
Cmd: preprocessCompute
  insize=7414 outsize=7416 ok=1
Cmd: preprocessCompute
  insize=7374 outsize=7376 ok=1
Cmd: preprocess
  insize=17657 outsize=599 ok=1
Cmd: preprocessCompute
  insize=1944 outsize=1946 ok=1
Cmd: compileComputeKernel
  api=4 insize=1946 outsize=1257 ok=1
Cmd: preprocessCompute
  insize=5596 outsize=5598 ok=1
Cmd: preprocessCompute
  insize=10526 outsize=10528 ok=1
Cmd: preprocess
  insize=16831 outsize=737 ok=1
Cmd: preprocessCompute
  insize=7414 outsize=7416 ok=1
Cmd: preprocessCompute
  insize=7374 outsize=7376 ok=1
Cmd: preprocess
  insize=17657 outsize=599 ok=1
Cmd: preprocessCompute
  insize=5596 outsize=5598 ok=1
Cmd: preprocessCompute
  insize=10526 outsize=10528 ok=1
Cmd: preprocess
  insize=12202 outsize=610 ok=1
Cmd: preprocessCompute
  insize=7414 outsize=7416 ok=1
Cmd: preprocessCompute
  insize=7374 outsize=7376 ok=1
Cmd: preprocess
  insize=17657 outsize=599 ok=1
Cmd: preprocessCompute
  insize=5596 outsize=5598 ok=1
Cmd: preprocessCompute
  insize=10526 outsize=10528 ok=1
Cmd: preprocess
  insize=12339 outsize=610 ok=1
Cmd: preprocessCompute
  insize=7414 outsize=7416 ok=1
Cmd: preprocessCompute
  insize=7374 outsize=7376 ok=1
Cmd: preprocess
  insize=17657 outsize=599 ok=1
Cmd: preprocessCompute
  insize=5596 outsize=5598 ok=1
Cmd: preprocessCompute
  insize=10526 outsize=10528 ok=1
Cmd: preprocess
  insize=12202 outsize=610 ok=1
Cmd: preprocessCompute
  insize=7414 outsize=7416 ok=1
Cmd: preprocessCompute
  insize=7374 outsize=7376 ok=1
Cmd: preprocess
  insize=17657 outsize=599 ok=1
Cmd: preprocessCompute
  insize=5596 outsize=5598 ok=1
Cmd: preprocessCompute
  insize=10526 outsize=10528 ok=1
Cmd: preprocess
  insize=12202 outsize=610 ok=1
Cmd: preprocessCompute
  insize=7414 outsize=7416 ok=1
Cmd: preprocessCompute
  insize=7374 outsize=7376 ok=1
Cmd: preprocess
  insize=17657 outsize=599 ok=1
Cmd: preprocessCompute
  insize=5596 outsize=5598 ok=1
Cmd: preprocessCompute
  insize=10526 outsize=10528 ok=1
Cmd: preprocess
  insize=12202 outsize=610 ok=1
Cmd: preprocessCompute
  insize=7414 outsize=7416 ok=1
Cmd: preprocessCompute
  insize=7374 outsize=7376 ok=1
Cmd: preprocess
  insize=17657 outsize=599 ok=1
Cmd: preprocessCompute
  insize=5596 outsize=5598 ok=1
Cmd: preprocessCompute
  insize=10526 outsize=10528 ok=1
Cmd: preprocess
  insize=12202 outsize=610 ok=1
Cmd: preprocessCompute
  insize=7414 outsize=7416 ok=1
Cmd: preprocessCompute
  insize=7374 outsize=7376 ok=1
Cmd: preprocess
  insize=17657 outsize=599 ok=1
Cmd: preprocessCompute
  insize=5596 outsize=5598 ok=1
Cmd: preprocessCompute
  insize=10526 outsize=10528 ok=1
Cmd: preprocess
  insize=12202 outsize=610 ok=1
Cmd: preprocessCompute
  insize=7414 outsize=7416 ok=1
Cmd: preprocessCompute
  insize=7374 outsize=7376 ok=1
Cmd: preprocess
  insize=17657 outsize=599 ok=1
Cmd: preprocessCompute
  insize=5596 outsize=5598 ok=1
Cmd: preprocessCompute
  insize=10526 outsize=10528 ok=1
Cmd: preprocess
  insize=12202 outsize=610 ok=1
Cmd: preprocessCompute
  insize=7414 outsize=7416 ok=1
Cmd: preprocessCompute
  insize=7374 outsize=7376 ok=1
Cmd: preprocess
  insize=16678 outsize=598 ok=1
Cmd: preprocessCompute
  insize=5596 outsize=5598 ok=1
Cmd: preprocessCompute
  insize=10526 outsize=10528 ok=1
Cmd: preprocess
  insize=12202 outsize=610 ok=1
Cmd: preprocessCompute
  insize=7414 outsize=7416 ok=1
Cmd: preprocessCompute
  insize=7374 outsize=7376 ok=1
Cmd: preprocess
  insize=16678 outsize=598 ok=1
Cmd: preprocessCompute
  insize=5596 outsize=5598 ok=1
Cmd: preprocessCompute
  insize=10526 outsize=10528 ok=1
Cmd: preprocess
  insize=12202 outsize=610 ok=1
Cmd: preprocessCompute
  insize=7414 outsize=7416 ok=1
Cmd: preprocessCompute
  insize=7374 outsize=7376 ok=1
Cmd: preprocess
  insize=16678 outsize=598 ok=1
Cmd: preprocessCompute
  insize=5596 outsize=5598 ok=1
Cmd: preprocessCompute
  insize=10526 outsize=10528 ok=1
Cmd: preprocess
  insize=12202 outsize=610 ok=1
Cmd: preprocessCompute
  insize=7414 outsize=7416 ok=1
Cmd: preprocessCompute
  insize=7374 outsize=7376 ok=1
Cmd: preprocess
  insize=16678 outsize=598 ok=1
Cmd: preprocessCompute
  insize=5596 outsize=5598 ok=1
Cmd: preprocessCompute
  insize=10526 outsize=10528 ok=1
Cmd: preprocess
  insize=12202 outsize=610 ok=1
Cmd: preprocessCompute
  insize=7414 outsize=7416 ok=1
Cmd: preprocessCompute
  insize=7374 outsize=7376 ok=1
Cmd: preprocess
  insize=16678 outsize=598 ok=1
Cmd: preprocessCompute
  insize=5596 outsize=5598 ok=1
Cmd: preprocessCompute
  insize=10526 outsize=10528 ok=1
Cmd: preprocess
  insize=12202 outsize=610 ok=1
Cmd: preprocessCompute
  insize=7414 outsize=7416 ok=1
Cmd: preprocessCompute
  insize=7374 outsize=7376 ok=1
Cmd: preprocess
  insize=16678 outsize=598 ok=1
Cmd: preprocessCompute
  insize=5596 outsize=5598 ok=1
Cmd: preprocessCompute
  insize=10526 outsize=10528 ok=1
Cmd: preprocess
  insize=12202 outsize=610 ok=1
Cmd: preprocessCompute
  insize=7410 outsize=7412 ok=1
Cmd: compileComputeKernel
  error: 1 plat 4 at Lines.vfx(117): use of potentially uninitialized variable (GetParticleIndex)
  api=4 insize=7412 outsize=2087 ok=1
Cmd: preprocessCompute
  insize=7358 outsize=7360 ok=1
Cmd: compileComputeKernel
  api=4 insize=7360 outsize=7551 ok=1
Cmd: preprocess
  insize=18491 outsize=598 ok=1
Cmd: preprocessCompute
  insize=5596 outsize=5598 ok=1
Cmd: preprocessCompute
  insize=10526 outsize=10528 ok=1
Cmd: preprocess
  insize=12202 outsize=610 ok=1
Cmd: preprocessCompute
  insize=7414 outsize=7416 ok=1
Cmd: preprocessCompute
  insize=7374 outsize=7376 ok=1
Cmd: preprocess
  insize=16678 outsize=598 ok=1
Cmd: preprocessCompute
  insize=5596 outsize=5598 ok=1
Cmd: preprocessCompute
  insize=10526 outsize=10528 ok=1
Cmd: preprocess
  insize=12202 outsize=610 ok=1
Cmd: preprocessCompute
  insize=7414 outsize=7416 ok=1
Cmd: preprocessCompute
  insize=7374 outsize=7376 ok=1
Cmd: preprocess
  insize=16678 outsize=598 ok=1
Cmd: preprocessCompute
  insize=5596 outsize=5598 ok=1
Cmd: preprocessCompute
  insize=10526 outsize=10528 ok=1
Cmd: preprocess
  insize=12202 outsize=610 ok=1
Cmd: preprocessCompute
  insize=7414 outsize=7416 ok=1
Cmd: preprocessCompute
  insize=7374 outsize=7376 ok=1
Cmd: preprocess
  insize=16678 outsize=598 ok=1
Cmd: preprocessCompute
  insize=5596 outsize=5598 ok=1
Cmd: preprocessCompute
  insize=10526 outsize=10528 ok=1
Cmd: preprocess
  insize=12202 outsize=610 ok=1
Cmd: preprocessCompute
  insize=7414 outsize=7416 ok=1
Cmd: preprocessCompute
  insize=7374 outsize=7376 ok=1
Cmd: preprocess
  insize=16678 outsize=598 ok=1
Cmd: preprocessCompute
  insize=5596 outsize=5598 ok=1
Cmd: preprocessCompute
  insize=10526 outsize=10528 ok=1
Cmd: preprocess
  insize=12202 outsize=610 ok=1
Cmd: preprocessCompute
  insize=7414 outsize=7416 ok=1
Cmd: preprocessCompute
  insize=7374 outsize=7376 ok=1
Cmd: preprocess
  insize=16678 outsize=598 ok=1
Cmd: preprocessCompute
  insize=5596 outsize=5598 ok=1
Cmd: preprocessCompute
  insize=10360 outsize=10362 ok=1
Cmd: compileComputeKernel
  api=4 insize=10362 outsize=5037 ok=1
Cmd: preprocess
  insize=12202 outsize=610 ok=1
Cmd: preprocessCompute
  insize=7414 outsize=7416 ok=1
Cmd: preprocessCompute
  insize=7374 outsize=7376 ok=1
Cmd: preprocess
  insize=16678 outsize=598 ok=1
Cmd: preprocessCompute
  insize=5596 outsize=5598 ok=1
Cmd: preprocessCompute
  insize=10360 outsize=10362 ok=1
Cmd: preprocess
  insize=12202 outsize=610 ok=1
Cmd: preprocessCompute
  insize=7414 outsize=7416 ok=1
Cmd: preprocessCompute
  insize=7374 outsize=7376 ok=1
Cmd: preprocess
  insize=16678 outsize=598 ok=1
Cmd: preprocessCompute
  insize=5596 outsize=5598 ok=1
Cmd: preprocessCompute
  insize=10360 outsize=10362 ok=1
Cmd: preprocess
  insize=12202 outsize=610 ok=1
Cmd: preprocessCompute
  insize=7414 outsize=7416 ok=1
Cmd: preprocessCompute
  insize=7374 outsize=7376 ok=1
Cmd: preprocess
  insize=16678 outsize=598 ok=1
Cmd: preprocessCompute
  insize=5596 outsize=5598 ok=1
Cmd: preprocessCompute
  insize=10360 outsize=10362 ok=1
Cmd: preprocess
  insize=12202 outsize=610 ok=1
Cmd: preprocessCompute
  insize=7414 outsize=7416 ok=1
Cmd: preprocessCompute
  insize=7374 outsize=7376 ok=1
Cmd: preprocess
  insize=16678 outsize=598 ok=1
Cmd: preprocessCompute
  insize=5596 outsize=5598 ok=1
Cmd: preprocessCompute
  insize=10360 outsize=10362 ok=1
Cmd: preprocess
  insize=12202 outsize=610 ok=1
Cmd: preprocessCompute
  insize=7414 outsize=7416 ok=1
Cmd: preprocessCompute
  insize=7374 outsize=7376 ok=1
Cmd: preprocess
  insize=16678 outsize=598 ok=1
Cmd: preprocessCompute
  insize=5596 outsize=5598 ok=1
Cmd: preprocessCompute
  insize=10526 outsize=10528 ok=1
Cmd: preprocess
  insize=12202 outsize=610 ok=1
Cmd: preprocessCompute
  insize=7414 outsize=7416 ok=1
Cmd: preprocessCompute
  insize=7374 outsize=7376 ok=1
Cmd: preprocess
  insize=16678 outsize=598 ok=1
Cmd: preprocessCompute
  insize=5596 outsize=5598 ok=1
Cmd: preprocessCompute
  insize=10526 outsize=10528 ok=1
Cmd: preprocess
  insize=12202 outsize=610 ok=1
Cmd: preprocessCompute
  insize=7414 outsize=7416 ok=1
Cmd: preprocessCompute
  insize=7372 outsize=7374 ok=1
Cmd: compileComputeKernel
  api=4 insize=7374 outsize=5051 ok=1
Cmd: preprocess
  insize=16678 outsize=598 ok=1
Cmd: preprocessCompute
  insize=5596 outsize=5598 ok=1
Cmd: preprocessCompute
  insize=10526 outsize=10528 ok=1
Cmd: preprocess
  insize=12202 outsize=610 ok=1
Cmd: preprocessCompute
  insize=7414 outsize=7416 ok=1
Cmd: preprocessCompute
  insize=7378 outsize=7380 ok=1
Cmd: compileComputeKernel
  api=4 insize=7380 outsize=7755 ok=1
Cmd: preprocess
  insize=16678 outsize=598 ok=1
Cmd: preprocessCompute
  insize=5596 outsize=5598 ok=1
Cmd: preprocessCompute
  insize=10526 outsize=10528 ok=1
Cmd: preprocess
  insize=12202 outsize=610 ok=1
Cmd: preprocessCompute
  insize=7414 outsize=7416 ok=1
Cmd: preprocessCompute
  insize=7374 outsize=7376 ok=1
Cmd: preprocess
  insize=16678 outsize=598 ok=1
Cmd: preprocessCompute
  insize=5596 outsize=5598 ok=1
Cmd: preprocessCompute
  insize=10526 outsize=10528 ok=1
Cmd: preprocess
  insize=12202 outsize=610 ok=1
Cmd: preprocessCompute
  insize=7414 outsize=7416 ok=1
Cmd: preprocessCompute
  insize=7374 outsize=7376 ok=1
Cmd: preprocess
  insize=16678 outsize=598 ok=1
Cmd: preprocessCompute
  insize=5596 outsize=5598 ok=1
Cmd: preprocessCompute
  insize=10526 outsize=10528 ok=1
Cmd: preprocess
  insize=12202 outsize=610 ok=1
Cmd: preprocessCompute
  insize=7414 outsize=7416 ok=1
Cmd: preprocessCompute
  insize=7374 outsize=7376 ok=1
Cmd: preprocess
  insize=16678 outsize=598 ok=1
Cmd: preprocessCompute
  insize=5596 outsize=5598 ok=1
Cmd: preprocessCompute
  insize=10526 outsize=10528 ok=1
Cmd: preprocess
  insize=12202 outsize=610 ok=1
Cmd: preprocessCompute
  insize=7414 outsize=7416 ok=1
Cmd: preprocessCompute
  insize=7374 outsize=7376 ok=1
Cmd: preprocess
  insize=16678 outsize=598 ok=1
Cmd: preprocessCompute
  insize=5596 outsize=5598 ok=1
Cmd: preprocessCompute
  insize=10526 outsize=10528 ok=1
Cmd: preprocess
  insize=12202 outsize=610 ok=1
Cmd: preprocessCompute
  insize=7414 outsize=7416 ok=1
Cmd: preprocessCompute
  insize=7374 outsize=7376 ok=1
Cmd: preprocess
  insize=16678 outsize=598 ok=1
Cmd: preprocessCompute
  insize=5596 outsize=5598 ok=1
Cmd: preprocessCompute
  insize=10526 outsize=10528 ok=1
Cmd: preprocess
  insize=12202 outsize=610 ok=1
Cmd: preprocessCompute
  insize=7414 outsize=7416 ok=1
Cmd: preprocessCompute
  insize=7374 outsize=7376 ok=1
Cmd: preprocess
  insize=16678 outsize=598 ok=1
Cmd: preprocessCompute
  insize=5596 outsize=5598 ok=1
Cmd: preprocessCompute
  insize=10526 outsize=10528 ok=1
Cmd: preprocess
  insize=12202 outsize=610 ok=1
Cmd: preprocessCompute
  insize=7414 outsize=7416 ok=1
Cmd: preprocessCompute
  insize=7374 outsize=7376 ok=1
Cmd: preprocess
  insize=16678 outsize=598 ok=1
Cmd: preprocessCompute
  insize=5596 outsize=5598 ok=1
Cmd: preprocessCompute
  insize=10614 outsize=10616 ok=1
Cmd: compileComputeKernel
  api=4 insize=10616 outsize=6685 ok=1
Cmd: preprocess
  insize=12202 outsize=610 ok=1
Cmd: preprocessCompute
  insize=7414 outsize=7416 ok=1
Cmd: preprocessCompute
  insize=7374 outsize=7376 ok=1
Cmd: preprocess
  insize=16678 outsize=598 ok=1
Cmd: preprocessCompute
  insize=5596 outsize=5598 ok=1
Cmd: preprocessCompute
  insize=10614 outsize=10616 ok=1
Cmd: preprocess
  insize=12202 outsize=610 ok=1
Cmd: preprocessCompute
  insize=7414 outsize=7416 ok=1
Cmd: preprocessCompute
  insize=7374 outsize=7376 ok=1
Cmd: preprocess
  insize=16678 outsize=598 ok=1
Cmd: preprocessCompute
  insize=5596 outsize=5598 ok=1
Cmd: preprocessCompute
  insize=10614 outsize=10616 ok=1
Cmd: preprocess
  insize=12202 outsize=610 ok=1
Cmd: preprocessCompute
  insize=7414 outsize=7416 ok=1
Cmd: preprocessCompute
  insize=7374 outsize=7376 ok=1
Cmd: preprocess
  insize=16678 outsize=598 ok=1
Cmd: preprocessCompute
  insize=5596 outsize=5598 ok=1
Cmd: preprocessCompute
  insize=10614 outsize=10616 ok=1
Cmd: preprocess
  insize=12202 outsize=610 ok=1
Cmd: preprocessCompute
  insize=7414 outsize=7416 ok=1
Cmd: preprocessCompute
  insize=7374 outsize=7376 ok=1
Cmd: preprocess
  insize=16678 outsize=598 ok=1
Cmd: preprocessCompute
  insize=5596 outsize=5598 ok=1
Cmd: preprocessCompute
  insize=10614 outsize=10616 ok=1
Cmd: preprocess
  insize=12202 outsize=610 ok=1
Cmd: preprocessCompute
  insize=7414 outsize=7416 ok=1
Cmd: preprocessCompute
  insize=7374 outsize=7376 ok=1
Cmd: preprocess
  insize=16678 outsize=598 ok=1
Cmd: preprocessCompute
  insize=5596 outsize=5598 ok=1
Cmd: preprocessCompute
  insize=10614 outsize=10616 ok=1
Cmd: preprocess
  insize=12202 outsize=610 ok=1
Cmd: preprocessCompute
  insize=7414 outsize=7416 ok=1
Cmd: preprocessCompute
  insize=7374 outsize=7376 ok=1
Cmd: preprocess
  insize=16678 outsize=598 ok=1
Cmd: preprocessCompute
  insize=5596 outsize=5598 ok=1
Cmd: preprocessCompute
  insize=10614 outsize=10616 ok=1
Cmd: preprocess
  insize=12202 outsize=610 ok=1
Cmd: preprocessCompute
  insize=7414 outsize=7416 ok=1
Cmd: preprocessCompute
  insize=7374 outsize=7376 ok=1
Cmd: preprocess
  insize=16678 outsize=598 ok=1
Cmd: preprocessCompute
  insize=5596 outsize=5598 ok=1
Cmd: preprocessCompute
  insize=10448 outsize=10450 ok=1
Cmd: compileComputeKernel
  api=4 insize=10450 outsize=5113 ok=1
Cmd: preprocess
  insize=12202 outsize=610 ok=1
Cmd: preprocessCompute
  insize=7414 outsize=7416 ok=1
Cmd: preprocessCompute
  insize=7374 outsize=7376 ok=1
Cmd: preprocess
  insize=16678 outsize=598 ok=1
Cmd: preprocessCompute
  insize=5596 outsize=5598 ok=1
Cmd: preprocessCompute
  insize=10448 outsize=10450 ok=1
Cmd: preprocess
  insize=12202 outsize=610 ok=1
Cmd: preprocessCompute
  insize=7414 outsize=7416 ok=1
Cmd: preprocessCompute
  insize=7372 outsize=7374 ok=1
Cmd: preprocess
  insize=16678 outsize=598 ok=1
Cmd: preprocessCompute
  insize=5596 outsize=5598 ok=1
Cmd: preprocessCompute
  insize=10448 outsize=10450 ok=1
Cmd: preprocess
  insize=12202 outsize=610 ok=1
Cmd: preprocessCompute
  insize=7414 outsize=7416 ok=1
Cmd: preprocessCompute
  insize=7372 outsize=7374 ok=1
Cmd: preprocess
  insize=16678 outsize=598 ok=1
Cmd: preprocessCompute
  insize=5596 outsize=5598 ok=1
Cmd: preprocessCompute
  insize=10448 outsize=10450 ok=1
Cmd: preprocess
  insize=12202 outsize=610 ok=1
Cmd: preprocessCompute
  insize=7414 outsize=7416 ok=1
Cmd: preprocessCompute
  insize=7372 outsize=7374 ok=1
Cmd: preprocess
  insize=16678 outsize=598 ok=1
Cmd: preprocessCompute
  insize=5596 outsize=5598 ok=1
Cmd: preprocessCompute
  insize=10614 outsize=10616 ok=1
Cmd: preprocess
  insize=12202 outsize=610 ok=1
Cmd: preprocessCompute
  insize=7414 outsize=7416 ok=1
Cmd: preprocessCompute
  insize=7372 outsize=7374 ok=1
Cmd: preprocess
  insize=16678 outsize=598 ok=1
Cmd: preprocessCompute
  insize=5596 outsize=5598 ok=1
Cmd: preprocessCompute
  insize=10614 outsize=10616 ok=1
Cmd: preprocess
  insize=12202 outsize=610 ok=1
Cmd: preprocessCompute
  insize=7414 outsize=7416 ok=1
Cmd: preprocessCompute
  insize=7374 outsize=7376 ok=1
Cmd: preprocess
  insize=16678 outsize=598 ok=1
Cmd: preprocessCompute
  insize=5596 outsize=5598 ok=1
Cmd: preprocessCompute
  insize=10614 outsize=10616 ok=1
Cmd: preprocess
  insize=12202 outsize=610 ok=1
Cmd: preprocessCompute
  insize=7414 outsize=7416 ok=1
Cmd: preprocessCompute
  insize=7374 outsize=7376 ok=1
Cmd: preprocess
  insize=16678 outsize=598 ok=1
Cmd: preprocessCompute
  insize=5596 outsize=5598 ok=1
Cmd: preprocessCompute
  insize=10614 outsize=10616 ok=1
Cmd: preprocess
  insize=12202 outsize=610 ok=1
Cmd: preprocessCompute
  insize=7414 outsize=7416 ok=1
Cmd: preprocessCompute
  insize=7374 outsize=7376 ok=1
Cmd: preprocess
  insize=16678 outsize=598 ok=1
Cmd: preprocessCompute
  insize=5596 outsize=5598 ok=1
Cmd: preprocessCompute
  insize=9367 outsize=9369 ok=1
Cmd: compileComputeKernel
  api=4 insize=9369 outsize=3230 ok=1
Cmd: preprocess
  insize=12202 outsize=610 ok=1
Cmd: preprocessCompute
  insize=7414 outsize=7416 ok=1
Cmd: preprocessCompute
  insize=7374 outsize=7376 ok=1
Cmd: preprocess
  insize=16678 outsize=598 ok=1
Cmd: preprocessCompute
  insize=5596 outsize=5598 ok=1
Cmd: preprocessCompute
  insize=9367 outsize=9369 ok=1
Cmd: preprocess
  insize=12202 outsize=610 ok=1
Cmd: preprocessCompute
  insize=7414 outsize=7416 ok=1
Cmd: preprocessCompute
  insize=7374 outsize=7376 ok=1
Cmd: preprocess
  insize=16678 outsize=598 ok=1
Cmd: preprocessCompute
  insize=5596 outsize=5598 ok=1
Cmd: preprocessCompute
  insize=9367 outsize=9369 ok=1
Cmd: preprocess
  insize=12202 outsize=610 ok=1
Cmd: preprocessCompute
  insize=7414 outsize=7416 ok=1
Cmd: preprocessCompute
  insize=7374 outsize=7376 ok=1
Cmd: preprocess
  insize=16678 outsize=598 ok=1
Cmd: preprocessCompute
  insize=5596 outsize=5598 ok=1
Cmd: preprocessCompute
  insize=9367 outsize=9369 ok=1
Cmd: preprocess
  insize=12202 outsize=610 ok=1
Cmd: preprocessCompute
  insize=7414 outsize=7416 ok=1
Cmd: preprocessCompute
  insize=7374 outsize=7376 ok=1
Cmd: preprocess
  insize=16678 outsize=598 ok=1
Cmd: preprocessCompute
  insize=5937 outsize=5939 ok=1
Cmd: compileComputeKernel
  api=4 insize=5939 outsize=1018 ok=1
Cmd: preprocessCompute
  insize=11051 outsize=11053 ok=1
Cmd: compileComputeKernel
  api=4 insize=11053 outsize=3582 ok=1
Cmd: preprocess
  insize=12402 outsize=610 ok=1
Cmd: preprocessCompute
  insize=7414 outsize=7416 ok=1
Cmd: compileComputeKernel
  error: 1 plat 4 at Lines.vfx(117): use of potentially uninitialized variable (GetParticleIndex)
  api=4 insize=7416 outsize=2043 ok=1
Cmd: preprocessCompute
  insize=7374 outsize=7376 ok=1
Cmd: preprocess
  insize=16678 outsize=598 ok=1
Cmd: preprocessCompute
  insize=5937 outsize=5939 ok=1
Cmd: compileComputeKernel
  api=4 insize=5939 outsize=934 ok=1
Cmd: preprocessCompute
  insize=11051 outsize=11053 ok=1
Cmd: compileComputeKernel
  api=4 insize=11053 outsize=3569 ok=1
Cmd: preprocess
  insize=12402 outsize=610 ok=1
Cmd: preprocessCompute
  insize=7414 outsize=7416 ok=1
Cmd: preprocessCompute
  insize=7374 outsize=7376 ok=1
Cmd: preprocess
  insize=16678 outsize=598 ok=1
Cmd: preprocessCompute
  insize=5937 outsize=5939 ok=1
Cmd: preprocessCompute
  insize=10762 outsize=10764 ok=1
Cmd: compileComputeKernel
  api=4 insize=10764 outsize=3514 ok=1
Cmd: preprocess
  insize=12402 outsize=610 ok=1
Cmd: preprocessCompute
  insize=7414 outsize=7416 ok=1
Cmd: preprocessCompute
  insize=7374 outsize=7376 ok=1
Cmd: preprocess
  insize=16678 outsize=598 ok=1
Cmd: preprocessCompute
  insize=5937 outsize=5939 ok=1
Cmd: preprocessCompute
  insize=10762 outsize=10764 ok=1
Cmd: preprocess
  insize=12402 outsize=610 ok=1
Cmd: preprocessCompute
  insize=7414 outsize=7416 ok=1
Cmd: preprocessCompute
  insize=7374 outsize=7376 ok=1
Cmd: preprocess
  insize=16678 outsize=598 ok=1
Cmd: preprocessCompute
  insize=5937 outsize=5939 ok=1
Cmd: preprocessCompute
  insize=10762 outsize=10764 ok=1
Cmd: preprocess
  insize=12402 outsize=610 ok=1
Cmd: preprocessCompute
  insize=7414 outsize=7416 ok=1
Cmd: preprocessCompute
  insize=7374 outsize=7376 ok=1
Cmd: preprocess
  insize=16678 outsize=598 ok=1
Cmd: preprocessCompute
  insize=5937 outsize=5939 ok=1
Cmd: preprocessCompute
  insize=10762 outsize=10764 ok=1
Cmd: preprocess
  insize=12402 outsize=610 ok=1
Cmd: preprocessCompute
  insize=7414 outsize=7416 ok=1
Cmd: preprocessCompute
  insize=7374 outsize=7376 ok=1
Cmd: preprocess
  insize=16678 outsize=598 ok=1
Cmd: preprocessCompute
  insize=5937 outsize=5939 ok=1
Cmd: preprocessCompute
  insize=10762 outsize=10764 ok=1
Cmd: preprocess
  insize=12402 outsize=610 ok=1
Cmd: preprocessCompute
  insize=7414 outsize=7416 ok=1
Cmd: preprocessCompute
  insize=7374 outsize=7376 ok=1
Cmd: preprocess
  insize=16678 outsize=598 ok=1
Cmd: preprocessCompute
  insize=5937 outsize=5939 ok=1
Cmd: preprocessCompute
  insize=10762 outsize=10764 ok=1
Cmd: preprocess
  insize=12402 outsize=610 ok=1
Cmd: preprocessCompute
  insize=7414 outsize=7416 ok=1
Cmd: preprocessCompute
  insize=7374 outsize=7376 ok=1
Cmd: preprocess
  insize=16678 outsize=598 ok=1
Cmd: preprocessCompute
  insize=5937 outsize=5939 ok=1
Cmd: preprocessCompute
  insize=10762 outsize=10764 ok=1
Cmd: preprocess
  insize=12402 outsize=610 ok=1
Cmd: preprocessCompute
  insize=7414 outsize=7416 ok=1
Cmd: preprocessCompute
  insize=7374 outsize=7376 ok=1
Cmd: preprocess
  insize=16678 outsize=598 ok=1
Cmd: preprocessCompute
  insize=5771 outsize=5773 ok=1
Cmd: compileComputeKernel
  api=4 insize=5773 outsize=922 ok=1
Cmd: preprocessCompute
  insize=10190 outsize=10192 ok=1
Cmd: compileComputeKernel
  api=4 insize=10192 outsize=3502 ok=1
Cmd: preprocess
  insize=12402 outsize=610 ok=1
Cmd: preprocessCompute
  insize=7414 outsize=7416 ok=1
Cmd: preprocessCompute
  insize=7374 outsize=7376 ok=1
Cmd: preprocess
  insize=16678 outsize=598 ok=1
Cmd: preprocessCompute
  insize=5771 outsize=5773 ok=1
Cmd: preprocessCompute
  insize=10160 outsize=10162 ok=1
Cmd: compileComputeKernel
  api=4 insize=10162 outsize=3776 ok=1
Cmd: preprocess
  insize=12402 outsize=610 ok=1
Cmd: preprocessCompute
  insize=7414 outsize=7416 ok=1
Cmd: preprocessCompute
  insize=7374 outsize=7376 ok=1
Cmd: preprocess
  insize=16678 outsize=598 ok=1
Cmd: preprocessCompute
  insize=5771 outsize=5773 ok=1
Cmd: preprocessCompute
  insize=10160 outsize=10162 ok=1
Cmd: preprocess
  insize=12402 outsize=610 ok=1
Cmd: preprocessCompute
  insize=7414 outsize=7416 ok=1
Cmd: preprocessCompute
  insize=7374 outsize=7376 ok=1
Cmd: preprocess
  insize=16678 outsize=598 ok=1
Cmd: preprocessCompute
  insize=5771 outsize=5773 ok=1
Cmd: preprocessCompute
  insize=10160 outsize=10162 ok=1
Cmd: preprocess
  insize=12402 outsize=610 ok=1
Cmd: preprocessCompute
  insize=7414 outsize=7416 ok=1
Cmd: preprocessCompute
  insize=7374 outsize=7376 ok=1
Cmd: preprocess
  insize=16678 outsize=598 ok=1
Cmd: preprocessCompute
  insize=5771 outsize=5773 ok=1
Cmd: preprocessCompute
  insize=10160 outsize=10162 ok=1
Cmd: preprocess
  insize=12402 outsize=610 ok=1
Cmd: preprocessCompute
  insize=7414 outsize=7416 ok=1
Cmd: preprocessCompute
  insize=7374 outsize=7376 ok=1
Cmd: preprocess
  insize=16678 outsize=598 ok=1
Cmd: preprocessCompute
  insize=5771 outsize=5773 ok=1
Cmd: preprocessCompute
  insize=10160 outsize=10162 ok=1
Cmd: preprocess
  insize=12402 outsize=610 ok=1
Cmd: preprocessCompute
  insize=7414 outsize=7416 ok=1
Cmd: preprocessCompute
  insize=7374 outsize=7376 ok=1
Cmd: preprocess
  insize=16678 outsize=598 ok=1
Cmd: preprocessCompute
  insize=5771 outsize=5773 ok=1
Cmd: preprocessCompute
  insize=10160 outsize=10162 ok=1
Cmd: preprocess
  insize=12402 outsize=610 ok=1
Cmd: preprocessCompute
  insize=7414 outsize=7416 ok=1
Cmd: preprocessCompute
  insize=7374 outsize=7376 ok=1
Cmd: preprocess
  insize=16678 outsize=598 ok=1
Cmd: preprocessCompute
  insize=5771 outsize=5773 ok=1
Cmd: preprocessCompute
  insize=10072 outsize=10074 ok=1
Cmd: compileComputeKernel
  api=4 insize=10074 outsize=3700 ok=1
Cmd: preprocess
  insize=12402 outsize=610 ok=1
Cmd: preprocessCompute
  insize=7414 outsize=7416 ok=1
Cmd: preprocessCompute
  insize=7374 outsize=7376 ok=1
Cmd: preprocess
  insize=16678 outsize=598 ok=1
Cmd: preprocessCompute
  insize=5771 outsize=5773 ok=1
Cmd: preprocessCompute
  insize=10072 outsize=10074 ok=1
Cmd: preprocess
  insize=12402 outsize=610 ok=1
Cmd: preprocessCompute
  insize=7414 outsize=7416 ok=1
Cmd: preprocessCompute
  insize=7374 outsize=7376 ok=1
Cmd: preprocess
  insize=16678 outsize=598 ok=1
Cmd: preprocessCompute
  insize=5771 outsize=5773 ok=1
Cmd: preprocessCompute
  insize=10072 outsize=10074 ok=1
Cmd: preprocess
  insize=12402 outsize=610 ok=1
Cmd: preprocessCompute
  insize=7414 outsize=7416 ok=1
Cmd: preprocessCompute
  insize=7374 outsize=7376 ok=1
Cmd: preprocess
  insize=16678 outsize=598 ok=1
Cmd: preprocessCompute
  insize=5771 outsize=5773 ok=1
Cmd: preprocessCompute
  insize=10072 outsize=10074 ok=1
Cmd: preprocess
  insize=12402 outsize=610 ok=1
Cmd: preprocessCompute
  insize=7414 outsize=7416 ok=1
Cmd: preprocessCompute
  insize=7374 outsize=7376 ok=1
Cmd: preprocess
  insize=16678 outsize=598 ok=1
Cmd: preprocessCompute
  insize=5771 outsize=5773 ok=1
Cmd: preprocessCompute
  insize=10072 outsize=10074 ok=1
Cmd: preprocess
  insize=12402 outsize=610 ok=1
Cmd: preprocessCompute
  insize=7414 outsize=7416 ok=1
Cmd: preprocessCompute
  insize=7374 outsize=7376 ok=1
Cmd: preprocess
  insize=16678 outsize=598 ok=1
Cmd: preprocessCompute
  insize=5771 outsize=5773 ok=1
Cmd: preprocessCompute
  insize=10072 outsize=10074 ok=1
Cmd: preprocess
  insize=12402 outsize=610 ok=1
Cmd: preprocessCompute
  insize=7414 outsize=7416 ok=1
Cmd: preprocessCompute
  insize=7374 outsize=7376 ok=1
Cmd: preprocess
  insize=16678 outsize=598 ok=1
Cmd: preprocessCompute
  insize=5771 outsize=5773 ok=1
Cmd: preprocessCompute
  insize=10072 outsize=10074 ok=1
Cmd: preprocess
  insize=12402 outsize=610 ok=1
Cmd: preprocessCompute
  insize=7414 outsize=7416 ok=1
Cmd: preprocessCompute
  insize=7374 outsize=7376 ok=1
Cmd: preprocess
  insize=16678 outsize=598 ok=1
Cmd: preprocessCompute
  insize=5771 outsize=5773 ok=1
Cmd: preprocessCompute
  insize=10160 outsize=10162 ok=1
Cmd: preprocess
  insize=12402 outsize=610 ok=1
Cmd: preprocessCompute
  insize=7414 outsize=7416 ok=1
Cmd: preprocessCompute
  insize=7374 outsize=7376 ok=1
Cmd: preprocess
  insize=16678 outsize=598 ok=1
Cmd: preprocessCompute
  insize=5596 outsize=5598 ok=1
Cmd: compileComputeKernel
  api=4 insize=5598 outsize=894 ok=1
Cmd: preprocessCompute
  insize=8660 outsize=8662 ok=1
Cmd: compileComputeKernel
  api=4 insize=8662 outsize=3139 ok=1
Cmd: preprocess
  insize=12202 outsize=610 ok=1
Cmd: preprocessCompute
  insize=7414 outsize=7416 ok=1
Cmd: preprocessCompute
  insize=7374 outsize=7376 ok=1
Cmd: preprocess
  insize=16678 outsize=598 ok=1
Cmd: preprocessCompute
  insize=5596 outsize=5598 ok=1
Cmd: preprocessCompute
  insize=9367 outsize=9369 ok=1
Cmd: compileComputeKernel
  api=4 insize=9369 outsize=3202 ok=1
Cmd: preprocess
  insize=12202 outsize=610 ok=1
Cmd: preprocessCompute
  insize=7414 outsize=7416 ok=1
Cmd: preprocessCompute
  insize=7374 outsize=7376 ok=1
Cmd: preprocess
  insize=16678 outsize=598 ok=1
Cmd: preprocessCompute
  insize=5596 outsize=5598 ok=1
Cmd: compileComputeKernel
  api=4 insize=5598 outsize=922 ok=1
Cmd: preprocessCompute
  insize=9367 outsize=9369 ok=1
Cmd: compileComputeKernel
  api=4 insize=9369 outsize=3230 ok=1
Cmd: preprocess
  insize=12202 outsize=610 ok=1
Cmd: preprocessCompute
  insize=7414 outsize=7416 ok=1
Cmd: preprocessCompute
  insize=7374 outsize=7376 ok=1
Cmd: preprocess
  insize=16678 outsize=598 ok=1
Cmd: preprocessCompute
  insize=5596 outsize=5598 ok=1
Cmd: preprocessCompute
  insize=9367 outsize=9369 ok=1
Cmd: preprocess
  insize=12202 outsize=610 ok=1
Cmd: preprocessCompute
  insize=7414 outsize=7416 ok=1
Cmd: preprocessCompute
  insize=7374 outsize=7376 ok=1
Cmd: preprocess
  insize=16678 outsize=598 ok=1
Cmd: preprocessCompute
  insize=5596 outsize=5598 ok=1
Cmd: preprocessCompute
  insize=9367 outsize=9369 ok=1
Cmd: preprocess
  insize=12202 outsize=610 ok=1
Cmd: preprocessCompute
  insize=7414 outsize=7416 ok=1
Cmd: preprocessCompute
  insize=7374 outsize=7376 ok=1
Cmd: preprocess
  insize=16678 outsize=598 ok=1
Cmd: preprocessCompute
  insize=5596 outsize=5598 ok=1
Cmd: preprocessCompute
  insize=9367 outsize=9369 ok=1
Cmd: preprocess
  insize=12202 outsize=610 ok=1
Cmd: preprocessCompute
  insize=7414 outsize=7416 ok=1
Cmd: preprocessCompute
  insize=7374 outsize=7376 ok=1
Cmd: preprocess
  insize=16678 outsize=598 ok=1
Cmd: preprocessCompute
  insize=5596 outsize=5598 ok=1
Cmd: preprocessCompute
  insize=9367 outsize=9369 ok=1
Cmd: preprocess
  insize=12202 outsize=610 ok=1
Cmd: preprocessCompute
  insize=7414 outsize=7416 ok=1
Cmd: preprocessCompute
  insize=7374 outsize=7376 ok=1
Cmd: preprocess
  insize=16678 outsize=598 ok=1
Cmd: preprocessCompute
  insize=5596 outsize=5598 ok=1
Cmd: preprocessCompute
  insize=9367 outsize=9369 ok=1
Cmd: preprocess
  insize=12202 outsize=610 ok=1
Cmd: preprocessCompute
  insize=7414 outsize=7416 ok=1
Cmd: preprocessCompute
  insize=7374 outsize=7376 ok=1
Cmd: preprocess
  insize=16678 outsize=598 ok=1
Cmd: preprocessCompute
  insize=5596 outsize=5598 ok=1
Cmd: preprocessCompute
  insize=9367 outsize=9369 ok=1
Cmd: preprocess
  insize=12202 outsize=610 ok=1
Cmd: preprocessCompute
  insize=7414 outsize=7416 ok=1
Cmd: preprocessCompute
  insize=7374 outsize=7376 ok=1
Cmd: preprocess
  insize=16678 outsize=598 ok=1
Cmd: preprocessCompute
  insize=5596 outsize=5598 ok=1
Cmd: preprocessCompute
  insize=9367 outsize=9369 ok=1
Cmd: preprocess
  insize=12202 outsize=610 ok=1
Cmd: preprocessCompute
  insize=7414 outsize=7416 ok=1
Cmd: preprocessCompute
  insize=7374 outsize=7376 ok=1
Cmd: preprocess
  insize=16678 outsize=598 ok=1
Cmd: compileSnippet
  api=4 type=0 insize=6948 outsize=810 kw=UNITY_PASS_SHADOWCASTER pd=UNITY_ENABLE_REFLECTION_BUFFERS UNITY_USE_DITHER_MASK_FOR_ALPHABLENDED_SHADOWS UNITY_PBS_USE_BRDF1 UNITY_SPECCUBE_BOX_PROJECTION UNITY_SPECCUBE_BLENDING UNITY_ENABLE_DETAIL_NORMALMAP SHADER_API_DESKTOP UNITY_LIGHT_PROBE_PROXY_VOLUME UNITY_LIGHTMAP_FULL_HDR ok=1
Cmd: compileSnippet
  api=4 type=1 insize=6948 outsize=142 kw=UNITY_PASS_SHADOWCASTER pd=UNITY_ENABLE_REFLECTION_BUFFERS UNITY_USE_DITHER_MASK_FOR_ALPHABLENDED_SHADOWS UNITY_PBS_USE_BRDF1 UNITY_SPECCUBE_BOX_PROJECTION UNITY_SPECCUBE_BLENDING UNITY_ENABLE_DETAIL_NORMALMAP SHADER_API_DESKTOP UNITY_LIGHT_PROBE_PROXY_VOLUME UNITY_LIGHTMAP_FULL_HDR ok=1
Cmd: compileSnippet
  api=4 type=0 insize=7919 outsize=1726 kw=DECALS_3RT pd=UNITY_ENABLE_REFLECTION_BUFFERS UNITY_USE_DITHER_MASK_FOR_ALPHABLENDED_SHADOWS UNITY_PBS_USE_BRDF1 UNITY_SPECCUBE_BOX_PROJECTION UNITY_SPECCUBE_BLENDING UNITY_ENABLE_DETAIL_NORMALMAP SHADER_API_DESKTOP UNITY_LIGHT_PROBE_PROXY_VOLUME UNITY_LIGHTMAP_FULL_HDR ok=1
Cmd: compileSnippet
  api=4 type=1 insize=7919 outsize=5702 kw=DECALS_3RT pd=UNITY_ENABLE_REFLECTION_BUFFERS UNITY_USE_DITHER_MASK_FOR_ALPHABLENDED_SHADOWS UNITY_PBS_USE_BRDF1 UNITY_SPECCUBE_BOX_PROJECTION UNITY_SPECCUBE_BLENDING UNITY_ENABLE_DETAIL_NORMALMAP SHADER_API_DESKTOP UNITY_LIGHT_PROBE_PROXY_VOLUME UNITY_LIGHTMAP_FULL_HDR ok=1
Cmd: preprocessCompute
  insize=5596 outsize=5598 ok=1
Cmd: preprocessCompute
  insize=9416 outsize=9418 ok=1
Cmd: compileComputeKernel
  api=4 insize=9418 outsize=2503 ok=1
Cmd: preprocess
  insize=12202 outsize=610 ok=1
Cmd: preprocessCompute
  insize=7412 outsize=7414 ok=1
Cmd: preprocessCompute
  insize=7388 outsize=7390 ok=1
Cmd: preprocess
  insize=16678 outsize=598 ok=1
Cmd: preprocessCompute
  insize=5596 outsize=5598 ok=1
Cmd: preprocessCompute
  insize=9416 outsize=9418 ok=1
Cmd: preprocess
  insize=12202 outsize=610 ok=1
Cmd: preprocessCompute
  insize=7412 outsize=7414 ok=1
Cmd: preprocessCompute
  insize=7388 outsize=7390 ok=1
Cmd: preprocess
  insize=16678 outsize=598 ok=1
