Base path: 'C:/Program Files/Unity/Hub/Editor/2019.3.15f1/Editor/Data', plugins path 'C:/Program Files/Unity/Hub/Editor/2019.3.15f1/Editor/Data/PlaybackEngines'
Cmd: initializeCompiler
Cmd: compileComputeKernel
  api=4 insize=1372 outsize=620 ok=1
Cmd: compileComputeKernel
  api=4 insize=9103 outsize=4225 ok=1
Cmd: initializeCompiler
Cmd: compileComputeKernel
  api=4 insize=16804 outsize=15284 ok=1
Cmd: compileComputeKernel
  api=4 insize=848 outsize=330 ok=1
Cmd: compileComputeKernel
  api=4 insize=16425 outsize=2847 ok=1
Cmd: compileComputeKernel
  api=4 insize=9809 outsize=6357 ok=1
Cmd: compileComputeKernel
  api=4 insize=9809 outsize=6450 ok=1
Cmd: compileComputeKernel
  api=4 insize=17994 outsize=7462 ok=1
Cmd: compileComputeKernel
  api=4 insize=4823 outsize=2830 ok=1
Cmd: compileComputeKernel
  api=4 insize=2617 outsize=963 ok=1
Cmd: compileComputeKernel
  api=4 insize=14139 outsize=665 ok=1
Cmd: compileComputeKernel
  api=4 insize=11086 outsize=4699 ok=1
Cmd: compileComputeKernel
  api=4 insize=3111 outsize=3237 ok=1
Cmd: compileComputeKernel
  api=4 insize=40264 outsize=36609 ok=1
Cmd: compileComputeKernel
  api=4 insize=40264 outsize=36609 ok=1
Cmd: compileComputeKernel
  api=4 insize=40264 outsize=1522 ok=1
Cmd: compileComputeKernel
  api=4 insize=3450 outsize=1164 ok=1
Cmd: compileComputeKernel
  api=4 insize=22295 outsize=14720 ok=1
Cmd: compileComputeKernel
  api=4 insize=11494 outsize=244 ok=1
Cmd: compileComputeKernel
  api=4 insize=2307 outsize=987 ok=1
Cmd: compileComputeKernel
  api=4 insize=7840 outsize=7432 ok=1
Cmd: compileComputeKernel
  api=4 insize=22339 outsize=5115 ok=1
Cmd: compileComputeKernel
  api=4 insize=6119 outsize=2809 ok=1
Cmd: compileComputeKernel
  api=4 insize=6745 outsize=2822 ok=1
Cmd: compileComputeKernel
  api=4 insize=6745 outsize=2911 ok=1
Cmd: compileComputeKernel
  api=4 insize=26542 outsize=15917 ok=1
Cmd: compileComputeKernel
  api=4 insize=16295 outsize=115916 ok=1
Cmd: compileComputeKernel
  api=4 insize=16295 outsize=34544 ok=1
Cmd: compileComputeKernel
  api=4 insize=16295 outsize=37654 ok=1
Cmd: compileComputeKernel
  api=4 insize=16295 outsize=43003 ok=1
Cmd: compileComputeKernel
  api=4 insize=16295 outsize=40387 ok=1
Cmd: compileComputeKernel
  api=4 insize=16295 outsize=72599 ok=1
Cmd: compileComputeKernel
  api=4 insize=5893 outsize=629 ok=1
Cmd: compileComputeKernel
  api=4 insize=28593 outsize=426 ok=1
Cmd: compileComputeKernel
  api=4 insize=12177 outsize=953 ok=1
Cmd: compileComputeKernel
  api=4 insize=7589 outsize=6586 ok=1
Cmd: compileComputeKernel
  api=4 insize=10587 outsize=9624 ok=1
Cmd: compileSnippet
  api=4 type=1 insize=1302 outsize=218 kw=UNITY_PASS_SHADOWCASTER SHADOWS_DEPTH pd=UNITY_ENABLE_REFLECTION_BUFFERS UNITY_USE_DITHER_MASK_FOR_ALPHABLENDED_SHADOWS UNITY_PBS_USE_BRDF1 UNITY_SPECCUBE_BOX_PROJECTION UNITY_SPECCUBE_BLENDING UNITY_ENABLE_DETAIL_NORMALMAP SHADER_API_DESKTOP UNITY_LIGHT_PROBE_PROXY_VOLUME UNITY_LIGHTMAP_FULL_HDR ok=1
Cmd: compileSnippet
  api=4 type=0 insize=1354 outsize=402 kw= pd=UNITY_ENABLE_REFLECTION_BUFFERS UNITY_USE_DITHER_MASK_FOR_ALPHABLENDED_SHADOWS UNITY_PBS_USE_BRDF1 UNITY_SPECCUBE_BOX_PROJECTION UNITY_SPECCUBE_BLENDING UNITY_ENABLE_DETAIL_NORMALMAP SHADER_API_DESKTOP UNITY_LIGHT_PROBE_PROXY_VOLUME UNITY_LIGHTMAP_FULL_HDR ok=1
Cmd: compileSnippet
  api=4 type=0 insize=24933 outsize=3990 kw= pd=UNITY_ENABLE_REFLECTION_BUFFERS UNITY_USE_DITHER_MASK_FOR_ALPHABLENDED_SHADOWS UNITY_PBS_USE_BRDF1 UNITY_SPECCUBE_BOX_PROJECTION UNITY_SPECCUBE_BLENDING UNITY_ENABLE_DETAIL_NORMALMAP SHADER_API_DESKTOP UNITY_LIGHT_PROBE_PROXY_VOLUME UNITY_LIGHTMAP_FULL_HDR ok=1
Cmd: compileSnippet
  api=4 type=1 insize=22276 outsize=346 kw= pd=UNITY_ENABLE_REFLECTION_BUFFERS UNITY_USE_DITHER_MASK_FOR_ALPHABLENDED_SHADOWS UNITY_PBS_USE_BRDF1 UNITY_SPECCUBE_BOX_PROJECTION UNITY_SPECCUBE_BLENDING UNITY_ENABLE_DETAIL_NORMALMAP SHADER_API_DESKTOP UNITY_LIGHT_PROBE_PROXY_VOLUME UNITY_LIGHTMAP_FULL_HDR ok=1
Cmd: compileSnippet
  api=4 type=0 insize=842 outsize=402 kw= pd=UNITY_ENABLE_REFLECTION_BUFFERS UNITY_USE_DITHER_MASK_FOR_ALPHABLENDED_SHADOWS UNITY_PBS_USE_BRDF1 UNITY_SPECCUBE_BOX_PROJECTION UNITY_SPECCUBE_BLENDING UNITY_ENABLE_DETAIL_NORMALMAP SHADER_API_DESKTOP UNITY_LIGHT_PROBE_PROXY_VOLUME UNITY_LIGHTMAP_FULL_HDR ok=1
Cmd: compileSnippet
  api=4 type=1 insize=25686 outsize=7470 kw= pd=UNITY_ENABLE_REFLECTION_BUFFERS UNITY_USE_DITHER_MASK_FOR_ALPHABLENDED_SHADOWS UNITY_PBS_USE_BRDF1 UNITY_SPECCUBE_BOX_PROJECTION UNITY_SPECCUBE_BLENDING UNITY_ENABLE_DETAIL_NORMALMAP SHADER_API_DESKTOP UNITY_LIGHT_PROBE_PROXY_VOLUME UNITY_LIGHTMAP_FULL_HDR ok=1
Cmd: compileSnippet
  api=4 type=1 insize=25735 outsize=7470 kw= pd=UNITY_ENABLE_REFLECTION_BUFFERS UNITY_USE_DITHER_MASK_FOR_ALPHABLENDED_SHADOWS UNITY_PBS_USE_BRDF1 UNITY_SPECCUBE_BOX_PROJECTION UNITY_SPECCUBE_BLENDING UNITY_ENABLE_DETAIL_NORMALMAP SHADER_API_DESKTOP UNITY_LIGHT_PROBE_PROXY_VOLUME UNITY_LIGHTMAP_FULL_HDR ok=1
